
Showing logs for build [32mcb-kubecd-bdd-gh-1582850597-pr-dxj6f-1[0m stage [32mfrom-build-pack[0m and container [32mstep-credential-initializer-zvfvt[0m
{"level":"warn","ts":1582852636.7774923,"logger":"fallback-logger","caller":"logging/config.go:69","msg":"Fetch GitHub commit ID from kodata failed: \"ref: refs/heads/0.8.0-**-support-backwards-incompats\" is not a valid GitHub commit ID"}
{"level":"info","ts":1582852636.7779262,"logger":"fallback-logger","caller":"creds-init/main.go:40","msg":"Credentials initialized."}

Showing logs for build [32mcb-kubecd-bdd-gh-1582850597-pr-dxj6f-1[0m stage [32mfrom-build-pack[0m and container [32mstep-working-dir-initializer-qb2wh[0m
{"level":"warn","ts":1582852637.874525,"logger":"fallback-logger","caller":"logging/config.go:69","msg":"Fetch GitHub commit ID from kodata failed: open /var/run/ko/HEAD: no such file or directory"}
{"level":"info","ts":1582852637.8761213,"logger":"fallback-logger","caller":"bash/main.go:64","msg":"Successfully executed command \"sh -c mkdir -p /workspace/source\"; output "}

Showing logs for build [32mcb-kubecd-bdd-gh-1582850597-pr-dxj6f-1[0m stage [32mfrom-build-pack[0m and container [32mstep-place-tools[0m

Showing logs for build [32mcb-kubecd-bdd-gh-1582850597-pr-dxj6f-1[0m stage [32mfrom-build-pack[0m and container [32mstep-git-source-cb-kubecd-bdd-gh-1582850597-pr-dxj6f-9ks6h[0m
{"level":"warn","ts":1582852644.0448253,"logger":"fallback-logger","caller":"logging/config.go:69","msg":"Fetch GitHub commit ID from kodata failed: \"ref: refs/heads/0.8.0-**-support-backwards-incompats\" is not a valid GitHub commit ID"}
{"level":"info","ts":1582852645.0891871,"logger":"fallback-logger","caller":"git/git.go:103","msg":"Successfully cloned https://github.com/cb-kubecd/bdd-gh-1582850597.git @ master in path /workspace/source"}

Showing logs for build [32mcb-kubecd-bdd-gh-1582850597-pr-dxj6f-1[0m stage [32mfrom-build-pack[0m and container [32mstep-git-merge[0m
Using SHAs from PULL_REFS=master:69a45d5c3ad077384b146c82f29dabd6584e0ea7,1:f06092353495c1643b4a7447dd0bb226f6878ba0
DEBUG: LC_ALL=C JX_LOG_LEVEL=error git fetch origin --unshallow f06092353495c1643b4a7447dd0bb226f6878ba0: 69a45d5c3ad077384b146c82f29dabd6584e0ea7:
DEBUG: ran git fetch --unshallow origin f06092353495c1643b4a7447dd0bb226f6878ba0: 69a45d5c3ad077384b146c82f29dabd6584e0ea7: in 
DEBUG: JX_LOG_LEVEL=error LC_ALL=C git branch
DEBUG: LC_ALL=C JX_LOG_LEVEL=error git checkout master
DEBUG: ran git checkout master in 
DEBUG: LC_ALL=C JX_LOG_LEVEL=error git reset --hard 69a45d5c3ad077384b146c82f29dabd6584e0ea7
DEBUG: ran git reset --hard 69a45d5c3ad077384b146c82f29dabd6584e0ea7 in 
DEBUG: LC_ALL=C JX_LOG_LEVEL=error git clean -fd .
DEBUG: ran clean --force -d . in 
DEBUG: LC_ALL=C JX_LOG_LEVEL=error git merge f06092353495c1643b4a7447dd0bb226f6878ba0
DEBUG: ran git merge f06092353495c1643b4a7447dd0bb226f6878ba0 in 
DEBUG: LC_ALL=C JX_LOG_LEVEL=error git log --format=%H%x1f%an%x1f%ae%x1f%cn%x1f%ce%x1f%s%n%b%x1e 69a45d5c3ad077384b146c82f29dabd6584e0ea7..HEAD
Merged SHA f06092353495c1643b4a7447dd0bb226f6878ba0 with commit message 'My first PR commit' into base branch master

Showing logs for build [32mcb-kubecd-bdd-gh-1582850597-pr-dxj6f-1[0m stage [32mfrom-build-pack[0m and container [32mstep-build-make-linux[0m
CGO_ENABLED=0 GOOS=linux GOARCH=amd64 GO15VENDOREXPERIMENT=1 go build -ldflags '' -o bin/bdd-gh-1582850597 main.go

Showing logs for build [32mcb-kubecd-bdd-gh-1582850597-pr-dxj6f-1[0m stage [32mfrom-build-pack[0m and container [32mstep-build-container-build[0m
[36mINFO[0m[0000] No base image, nothing to extract            
[36mINFO[0m[0000] cmd: EXPOSE                                  
[36mINFO[0m[0000] Adding exposed port: 8080/tcp                
[36mINFO[0m[0000] Using files from context: [/workspace/source/bin] 
[36mINFO[0m[0000] Skipping unpacking as no commands require it. 
[36mINFO[0m[0000] Taking snapshot of full filesystem...        
[36mINFO[0m[0000] EXPOSE 8080                                  
[36mINFO[0m[0000] cmd: EXPOSE                                  
[36mINFO[0m[0000] Adding exposed port: 8080/tcp                
[36mINFO[0m[0000] No files changed in this command, skipping snapshotting. 
[36mINFO[0m[0000] ENTRYPOINT ["/bdd-gh-1582850597"]            
[36mINFO[0m[0000] No files changed in this command, skipping snapshotting. 
[36mINFO[0m[0000] Using files from context: [/workspace/source/bin] 
[36mINFO[0m[0000] COPY ./bin/ /                                
[36mINFO[0m[0000] Taking snapshot of files...                  
2020/02/28 01:17:41 pushed blob: sha256:46070f78694a3315baa483ead5c3eb4d7f9307ee3d911823650641bd520fa78e
2020/02/28 01:17:41 pushed blob: sha256:fcc370e461d54767065efe04c49b28684dddcdfa07cd487e5647958d09b636f4
2020/02/28 01:17:42 gcr.io/jenkins-x-bdd3/bdd-gh-1582850597:0.0.0-SNAPSHOT-PR-1-1: digest: sha256:19f9a3af97b627dd67c85960b1a6f864af5d850daa568b0acc104ccd4dff5c69 size: 428

Showing logs for build [32mcb-kubecd-bdd-gh-1582850597-pr-dxj6f-1[0m stage [32mfrom-build-pack[0m and container [32mstep-postbuild-post-build[0m
no CVE provider running in the current ** namespace so skip adding image to be analysed

Showing logs for build [32mcb-kubecd-bdd-gh-1582850597-pr-dxj6f-1[0m stage [32mfrom-build-pack[0m and container [32mstep-promote-make-preview[0m
sed -i -e "s/version:.*/version: 0.0.0-SNAPSHOT-PR-1-1/" Chart.yaml
sed -i -e "s/version:.*/version: 0.0.0-SNAPSHOT-PR-1-1/" ../*/Chart.yaml
sed -i -e "s|repository:.*|repository: gcr.io\/jenkins-x-bdd3\/bdd-gh-1582850597|" values.yaml
sed -i -e "s/tag:.*/tag: 0.0.0-SNAPSHOT-PR-1-1/" values.yaml
echo "  version: 0.0.0-SNAPSHOT-PR-1-1" >> requirements.yaml
** step helm build
WARNING: No $CHART_REPOSITORY defined so using the default value of: http://jenkins-x-chartmuseum:8080
Adding missing Helm repo: storage.googleapis.com https://storage.googleapis.com/chartmuseum.jenkins-x.io
WARNING: No secrets found on "helm/repos" due: reading the secret "helm/repos" from vault: no secret "helm/repos" not found in vault
Read credentials for https://storage.googleapis.com/chartmuseum.jenkins-x.io from vault helm/repos
Successfully added Helm repository storage.googleapis.com.
Adding missing Helm repo: jenkins-x-chartmuseum http://jenkins-x-chartmuseum:8080
WARNING: No secrets found on "helm/repos" due: reading the secret "helm/repos" from vault: no secret "helm/repos" not found in vault
Read credentials for http://jenkins-x-chartmuseum:8080 from vault helm/repos
Successfully added Helm repository jenkins-x-chartmuseum.
WARNING: No $CHART_REPOSITORY defined so using the default value of: http://jenkins-x-chartmuseum:8080
Adding missing Helm repo: chartmuseum.jenkins-x.io http://chartmuseum.jenkins-x.io
WARNING: No secrets found on "helm/repos" due: reading the secret "helm/repos" from vault: no secret "helm/repos" not found in vault
Read credentials for http://chartmuseum.jenkins-x.io from vault helm/repos
Successfully added Helm repository chartmuseum.jenkins-x.io.

Showing logs for build [32mcb-kubecd-bdd-gh-1582850597-pr-dxj6f-1[0m stage [32mfrom-build-pack[0m and container [32mstep-promote-jx-preview[0m
Creating a preview
Created environment cb-kubecd-bdd-gh-1582850597-pr-1
Namespace **-cb-kubecd-bdd-gh-1582850597-pr-1 created 
expose:
  Annotations:
    helm.sh/hook: post-install,post-upgrade
    helm.sh/hook-delete-policy: hook-succeeded
  config:
    domain: 35.240.17.80.nip.io
    exposer: Ingress
    http: "true"
preview:
  image:
    repository: gcr.io/jenkins-x-bdd3/bdd-gh-1582850597
    tag: 0.0.0-SNAPSHOT-PR-1-1

Updating PipelineActivities cb-kubecd-bdd-gh-1582850597-pr-1-1 which has status Running
Preview application is now available at: http://bdd-gh-1582850597.**-cb-kubecd-bdd-gh-1582850597-pr-1.35.240.17.80.nip.io
